info it worked if it ends with ok
verbose cli [ 'node', '/usr/local/bin/npm', 'install', 'nodaemon' ]
info using npm@1.1.1
info using node@v0.6.11
verbose config file /home/stefan/.npmrc
verbose config file /usr/local/etc/npmrc
verbose config file /usr/local/lib/node_modules/npm/npmrc
verbose caching /home/stefan/Desktop/github/Playground/ccdexpress/package.json
verbose loadDefaults application-name@0.0.1
verbose caching /home/stefan/Desktop/github/Playground/ccdexpress/node_modules/mongojs/package.json
verbose loadDefaults mongojs@0.3.2
verbose caching /home/stefan/Desktop/github/Playground/ccdexpress/node_modules/jade/package.json
verbose loadDefaults jade@0.20.3
verbose caching /home/stefan/Desktop/github/Playground/ccdexpress/node_modules/express/package.json
verbose loadDefaults express@2.5.8
verbose caching /home/stefan/Desktop/github/Playground/ccdexpress/node_modules/stylus/package.json
verbose loadDefaults stylus@0.24.0
verbose from cache /home/stefan/Desktop/github/Playground/ccdexpress/package.json
verbose cache add [ 'nodaemon', null ]
silly cache add: name, spec, args [ undefined, 'nodaemon', [ 'nodaemon', null ] ]
verbose parsed url { pathname: 'nodaemon', path: 'nodaemon', href: 'nodaemon' }
verbose addNamed [ 'nodaemon', '' ]
verbose addNamed [ null, '' ]
silly name, range, hasData [ 'nodaemon', '', false ]
verbose raw, before any munging nodaemon
verbose url resolving [ 'https://registry.npmjs.org/', './nodaemon' ]
verbose url resolved https://registry.npmjs.org/nodaemon
http GET https://registry.npmjs.org/nodaemon
http 404 https://registry.npmjs.org/nodaemon
silly get cb [ 404,
silly get cb   { server: 'CouchDB/1.1.0 (Erlang OTP/R14B04)',
silly get cb     date: 'Sat, 03 Mar 2012 21:48:50 GMT',
silly get cb     'content-type': 'application/json',
silly get cb     'content-length': '52',
silly get cb     'cache-control': 'must-revalidate' } ]
ERR! 404 'nodaemon' is not in the npm registry.
ERR! 404 You should bug the author to publish it
ERR! 404 Note that you can also install from a
ERR! 404 tarball, folder, or http url, or git url.
ERR! 
ERR! System Linux 2.6.32-22-generic
ERR! command "node" "/usr/local/bin/npm" "install" "nodaemon"
ERR! cwd /home/stefan/Desktop/github/Playground/ccdexpress
ERR! node -v v0.6.11
ERR! npm -v 1.1.1
ERR! code E404
ERR! message 404 Not Found: nodaemon
ERR! errno {}
verbose exit [ 1, true ]
